2023-08-14 10:19:52.9953|Error|An unhandled exception has occurred while executing the request. |EventId=1, EventName=UnhandledException Microsoft.AspNetCore.Routing.Matching.AmbiguousMatchException: The request matched multiple endpoints. Matches: 

RecruitmentAppAPI.Controllers.RecruitersController.GetRecruitersByFirstName (RecruitmentAppAPI)
RecruitmentAppAPI.Controllers.RecruitersController.GetRecruiterById (RecruitmentAppAPI)
   at Microsoft.AspNetCore.Routing.Matching.DefaultEndpointSelector.ReportAmbiguity(CandidateState[] candidateState)
   at Microsoft.AspNetCore.Routing.Matching.DefaultEndpointSelector.ProcessFinalCandidates(HttpContext httpContext, CandidateState[] candidateState)
   at Microsoft.AspNetCore.Routing.Matching.DefaultEndpointSelector.Select(HttpContext httpContext, CandidateState[] candidateState)
   at Microsoft.AspNetCore.Routing.Matching.DfaMatcher.MatchAsync(HttpContext httpContext)
   at Microsoft.AspNetCore.Routing.EndpointRoutingMiddleware.Invoke(HttpContext httpContext)
   at Microsoft.AspNetCore.HttpsPolicy.HttpsRedirectionMiddleware.Invoke(HttpContext context)
   at Microsoft.AspNetCore.Diagnostics.DeveloperExceptionPageMiddleware.Invoke(HttpContext context)
2023-08-14 16:15:39.7039|Error|Error occurred while trying to update recruitment process | System.InvalidOperationException: The instance of entity type 'RecruitmentProcess' cannot be tracked because another instance with the key value '{ProcessId: 2}' is already being tracked. When attaching existing entities, ensure that only one entity instance with a given key value is attached.
   at Microsoft.EntityFrameworkCore.ChangeTracking.Internal.IdentityMap`1.ThrowIdentityConflict(InternalEntityEntry entry)
   at Microsoft.EntityFrameworkCore.ChangeTracking.Internal.IdentityMap`1.Add(TKey key, InternalEntityEntry entry, Boolean updateDuplicate)
   at Microsoft.EntityFrameworkCore.ChangeTracking.Internal.StateManager.StartTracking(InternalEntityEntry entry)
   at Microsoft.EntityFrameworkCore.ChangeTracking.Internal.InternalEntityEntry.SetEntityState(EntityState oldState, EntityState newState, Boolean acceptChanges, Boolean modifyProperties)
   at Microsoft.EntityFrameworkCore.ChangeTracking.Internal.InternalEntityEntry.SetEntityState(EntityState entityState, Boolean acceptChanges, Boolean modifyProperties, Nullable`1 forceStateWhenUnknownKey, Nullable`1 fallbackState)
   at Microsoft.EntityFrameworkCore.ChangeTracking.Internal.EntityGraphAttacher.PaintAction(EntityEntryGraphNode`1 node)
   at Microsoft.EntityFrameworkCore.ChangeTracking.Internal.EntityEntryGraphIterator.TraverseGraph[TState](EntityEntryGraphNode`1 node, Func`2 handleNode)
   at Microsoft.EntityFrameworkCore.ChangeTracking.Internal.EntityGraphAttacher.AttachGraph(InternalEntityEntry rootEntry, EntityState targetState, EntityState storeGeneratedWithKeySetTargetState, Boolean forceStateWhenUnknownKey)
   at Microsoft.EntityFrameworkCore.Internal.InternalDbSet`1.SetEntityState(InternalEntityEntry entry, EntityState entityState)
   at Microsoft.EntityFrameworkCore.Internal.InternalDbSet`1.Update(TEntity entity)
   at RecruitmentApp.Repositories.Concretions.RecruitmentProcessRepository.Update(RecruitmentProcess process) in D:\Work\RecruitmentAppAPI\RecruitmentAppAPI\Repositories\Implementations\RecruitmentProcessRepository.cs:line 54
   at RecruitmentApp.BAL.ServicesImplementation.RecruitmentProcessService.UpdateRecruitmentProcessAsync(RecruitmentProcess process) in D:\Work\RecruitmentAppAPI\RecruitmentAppAPI\BAL\ServicesImplementation\RecruitmentProcessService.cs:line 126
2023-08-14 16:15:40.0452|Error|An unhandled exception has occurred while executing the request. |EventId=1, EventName=UnhandledException System.InvalidOperationException: The instance of entity type 'RecruitmentProcess' cannot be tracked because another instance with the key value '{ProcessId: 2}' is already being tracked. When attaching existing entities, ensure that only one entity instance with a given key value is attached.
   at Microsoft.EntityFrameworkCore.ChangeTracking.Internal.IdentityMap`1.ThrowIdentityConflict(InternalEntityEntry entry)
   at Microsoft.EntityFrameworkCore.ChangeTracking.Internal.IdentityMap`1.Add(TKey key, InternalEntityEntry entry, Boolean updateDuplicate)
   at Microsoft.EntityFrameworkCore.ChangeTracking.Internal.StateManager.StartTracking(InternalEntityEntry entry)
   at Microsoft.EntityFrameworkCore.ChangeTracking.Internal.InternalEntityEntry.SetEntityState(EntityState oldState, EntityState newState, Boolean acceptChanges, Boolean modifyProperties)
   at Microsoft.EntityFrameworkCore.ChangeTracking.Internal.InternalEntityEntry.SetEntityState(EntityState entityState, Boolean acceptChanges, Boolean modifyProperties, Nullable`1 forceStateWhenUnknownKey, Nullable`1 fallbackState)
   at Microsoft.EntityFrameworkCore.ChangeTracking.Internal.EntityGraphAttacher.PaintAction(EntityEntryGraphNode`1 node)
   at Microsoft.EntityFrameworkCore.ChangeTracking.Internal.EntityEntryGraphIterator.TraverseGraph[TState](EntityEntryGraphNode`1 node, Func`2 handleNode)
   at Microsoft.EntityFrameworkCore.ChangeTracking.Internal.EntityGraphAttacher.AttachGraph(InternalEntityEntry rootEntry, EntityState targetState, EntityState storeGeneratedWithKeySetTargetState, Boolean forceStateWhenUnknownKey)
   at Microsoft.EntityFrameworkCore.Internal.InternalDbSet`1.SetEntityState(InternalEntityEntry entry, EntityState entityState)
   at Microsoft.EntityFrameworkCore.Internal.InternalDbSet`1.Update(TEntity entity)
   at RecruitmentApp.Repositories.Concretions.RecruitmentProcessRepository.Update(RecruitmentProcess process) in D:\Work\RecruitmentAppAPI\RecruitmentAppAPI\Repositories\Implementations\RecruitmentProcessRepository.cs:line 54
   at RecruitmentApp.BAL.ServicesImplementation.RecruitmentProcessService.UpdateRecruitmentProcessAsync(RecruitmentProcess process) in D:\Work\RecruitmentAppAPI\RecruitmentAppAPI\BAL\ServicesImplementation\RecruitmentProcessService.cs:line 126
   at RecruitmentAppAPI.Controllers.RecruitmentProcessesController.UpdateRecruitmentProcess(Int32 id, RecruitmentProcessDto updatedRecruitmentProcessDto) in D:\Work\RecruitmentAppAPI\RecruitmentAppAPI\Controllers\RecruitmentProcessesController.cs:line 131
   at Microsoft.AspNetCore.Mvc.Infrastructure.ActionMethodExecutor.TaskOfIActionResultExecutor.Execute(IActionResultTypeMapper mapper, ObjectMethodExecutor executor, Object controller, Object[] arguments)
   at Microsoft.AspNetCore.Mvc.Infrastructure.ControllerActionInvoker.<InvokeActionMethodAsync>g__Logged|12_1(ControllerActionInvoker invoker)
   at Microsoft.AspNetCore.Mvc.Infrastructure.ControllerActionInvoker.<InvokeNextActionFilterAsync>g__Awaited|10_0(ControllerActionInvoker invoker, Task lastTask, State next, Scope scope, Object state, Boolean isCompleted)
   at Microsoft.AspNetCore.Mvc.Infrastructure.ControllerActionInvoker.Rethrow(ActionExecutedContextSealed context)
   at Microsoft.AspNetCore.Mvc.Infrastructure.ControllerActionInvoker.Next(State& next, Scope& scope, Object& state, Boolean& isCompleted)
   at Microsoft.AspNetCore.Mvc.Infrastructure.ControllerActionInvoker.InvokeInnerFilterAsync()
--- End of stack trace from previous location ---
   at Microsoft.AspNetCore.Mvc.Infrastructure.ResourceInvoker.<InvokeFilterPipelineAsync>g__Awaited|20_0(ResourceInvoker invoker, Task lastTask, State next, Scope scope, Object state, Boolean isCompleted)
   at Microsoft.AspNetCore.Mvc.Infrastructure.ResourceInvoker.<InvokeAsync>g__Logged|17_1(ResourceInvoker invoker)
   at Microsoft.AspNetCore.Mvc.Infrastructure.ResourceInvoker.<InvokeAsync>g__Logged|17_1(ResourceInvoker invoker)
   at Microsoft.AspNetCore.Routing.EndpointMiddleware.<Invoke>g__AwaitRequestTask|6_0(Endpoint endpoint, Task requestTask, ILogger logger)
   at Microsoft.AspNetCore.Authorization.AuthorizationMiddleware.Invoke(HttpContext context)
   at Microsoft.AspNetCore.Diagnostics.DeveloperExceptionPageMiddleware.Invoke(HttpContext context)
2023-08-14 16:17:16.0762|Error|Error occurred while trying to update recruitment process | System.InvalidOperationException: The instance of entity type 'RecruitmentProcess' cannot be tracked because another instance with the key value '{ProcessId: 2}' is already being tracked. When attaching existing entities, ensure that only one entity instance with a given key value is attached.
   at Microsoft.EntityFrameworkCore.ChangeTracking.Internal.IdentityMap`1.ThrowIdentityConflict(InternalEntityEntry entry)
   at Microsoft.EntityFrameworkCore.ChangeTracking.Internal.IdentityMap`1.Add(TKey key, InternalEntityEntry entry, Boolean updateDuplicate)
   at Microsoft.EntityFrameworkCore.ChangeTracking.Internal.StateManager.StartTracking(InternalEntityEntry entry)
   at Microsoft.EntityFrameworkCore.ChangeTracking.Internal.InternalEntityEntry.SetEntityState(EntityState oldState, EntityState newState, Boolean acceptChanges, Boolean modifyProperties)
   at Microsoft.EntityFrameworkCore.ChangeTracking.Internal.InternalEntityEntry.SetEntityState(EntityState entityState, Boolean acceptChanges, Boolean modifyProperties, Nullable`1 forceStateWhenUnknownKey, Nullable`1 fallbackState)
   at Microsoft.EntityFrameworkCore.ChangeTracking.Internal.EntityGraphAttacher.PaintAction(EntityEntryGraphNode`1 node)
   at Microsoft.EntityFrameworkCore.ChangeTracking.Internal.EntityEntryGraphIterator.TraverseGraph[TState](EntityEntryGraphNode`1 node, Func`2 handleNode)
   at Microsoft.EntityFrameworkCore.ChangeTracking.Internal.EntityGraphAttacher.AttachGraph(InternalEntityEntry rootEntry, EntityState targetState, EntityState storeGeneratedWithKeySetTargetState, Boolean forceStateWhenUnknownKey)
   at Microsoft.EntityFrameworkCore.Internal.InternalDbSet`1.SetEntityState(InternalEntityEntry entry, EntityState entityState)
   at Microsoft.EntityFrameworkCore.Internal.InternalDbSet`1.Update(TEntity entity)
   at RecruitmentApp.Repositories.Concretions.RecruitmentProcessRepository.Update(RecruitmentProcess process) in D:\Work\RecruitmentAppAPI\RecruitmentAppAPI\Repositories\Implementations\RecruitmentProcessRepository.cs:line 54
   at RecruitmentApp.BAL.ServicesImplementation.RecruitmentProcessService.UpdateRecruitmentProcessAsync(RecruitmentProcess process) in D:\Work\RecruitmentAppAPI\RecruitmentAppAPI\BAL\ServicesImplementation\RecruitmentProcessService.cs:line 126
2023-08-14 16:17:16.1275|Error|An unhandled exception has occurred while executing the request. |EventId=1, EventName=UnhandledException System.InvalidOperationException: The instance of entity type 'RecruitmentProcess' cannot be tracked because another instance with the key value '{ProcessId: 2}' is already being tracked. When attaching existing entities, ensure that only one entity instance with a given key value is attached.
   at Microsoft.EntityFrameworkCore.ChangeTracking.Internal.IdentityMap`1.ThrowIdentityConflict(InternalEntityEntry entry)
   at Microsoft.EntityFrameworkCore.ChangeTracking.Internal.IdentityMap`1.Add(TKey key, InternalEntityEntry entry, Boolean updateDuplicate)
   at Microsoft.EntityFrameworkCore.ChangeTracking.Internal.StateManager.StartTracking(InternalEntityEntry entry)
   at Microsoft.EntityFrameworkCore.ChangeTracking.Internal.InternalEntityEntry.SetEntityState(EntityState oldState, EntityState newState, Boolean acceptChanges, Boolean modifyProperties)
   at Microsoft.EntityFrameworkCore.ChangeTracking.Internal.InternalEntityEntry.SetEntityState(EntityState entityState, Boolean acceptChanges, Boolean modifyProperties, Nullable`1 forceStateWhenUnknownKey, Nullable`1 fallbackState)
   at Microsoft.EntityFrameworkCore.ChangeTracking.Internal.EntityGraphAttacher.PaintAction(EntityEntryGraphNode`1 node)
   at Microsoft.EntityFrameworkCore.ChangeTracking.Internal.EntityEntryGraphIterator.TraverseGraph[TState](EntityEntryGraphNode`1 node, Func`2 handleNode)
   at Microsoft.EntityFrameworkCore.ChangeTracking.Internal.EntityGraphAttacher.AttachGraph(InternalEntityEntry rootEntry, EntityState targetState, EntityState storeGeneratedWithKeySetTargetState, Boolean forceStateWhenUnknownKey)
   at Microsoft.EntityFrameworkCore.Internal.InternalDbSet`1.SetEntityState(InternalEntityEntry entry, EntityState entityState)
   at Microsoft.EntityFrameworkCore.Internal.InternalDbSet`1.Update(TEntity entity)
   at RecruitmentApp.Repositories.Concretions.RecruitmentProcessRepository.Update(RecruitmentProcess process) in D:\Work\RecruitmentAppAPI\RecruitmentAppAPI\Repositories\Implementations\RecruitmentProcessRepository.cs:line 54
   at RecruitmentApp.BAL.ServicesImplementation.RecruitmentProcessService.UpdateRecruitmentProcessAsync(RecruitmentProcess process) in D:\Work\RecruitmentAppAPI\RecruitmentAppAPI\BAL\ServicesImplementation\RecruitmentProcessService.cs:line 126
   at RecruitmentAppAPI.Controllers.RecruitmentProcessesController.UpdateRecruitmentProcess(Int32 id, RecruitmentProcessDto updatedRecruitmentProcessDto) in D:\Work\RecruitmentAppAPI\RecruitmentAppAPI\Controllers\RecruitmentProcessesController.cs:line 131
   at Microsoft.AspNetCore.Mvc.Infrastructure.ActionMethodExecutor.TaskOfIActionResultExecutor.Execute(IActionResultTypeMapper mapper, ObjectMethodExecutor executor, Object controller, Object[] arguments)
   at Microsoft.AspNetCore.Mvc.Infrastructure.ControllerActionInvoker.<InvokeActionMethodAsync>g__Logged|12_1(ControllerActionInvoker invoker)
   at Microsoft.AspNetCore.Mvc.Infrastructure.ControllerActionInvoker.<InvokeNextActionFilterAsync>g__Awaited|10_0(ControllerActionInvoker invoker, Task lastTask, State next, Scope scope, Object state, Boolean isCompleted)
   at Microsoft.AspNetCore.Mvc.Infrastructure.ControllerActionInvoker.Rethrow(ActionExecutedContextSealed context)
   at Microsoft.AspNetCore.Mvc.Infrastructure.ControllerActionInvoker.Next(State& next, Scope& scope, Object& state, Boolean& isCompleted)
   at Microsoft.AspNetCore.Mvc.Infrastructure.ControllerActionInvoker.InvokeInnerFilterAsync()
--- End of stack trace from previous location ---
   at Microsoft.AspNetCore.Mvc.Infrastructure.ResourceInvoker.<InvokeFilterPipelineAsync>g__Awaited|20_0(ResourceInvoker invoker, Task lastTask, State next, Scope scope, Object state, Boolean isCompleted)
   at Microsoft.AspNetCore.Mvc.Infrastructure.ResourceInvoker.<InvokeAsync>g__Logged|17_1(ResourceInvoker invoker)
   at Microsoft.AspNetCore.Mvc.Infrastructure.ResourceInvoker.<InvokeAsync>g__Logged|17_1(ResourceInvoker invoker)
   at Microsoft.AspNetCore.Routing.EndpointMiddleware.<Invoke>g__AwaitRequestTask|6_0(Endpoint endpoint, Task requestTask, ILogger logger)
   at Microsoft.AspNetCore.Authorization.AuthorizationMiddleware.Invoke(HttpContext context)
   at Microsoft.AspNetCore.Diagnostics.DeveloperExceptionPageMiddleware.Invoke(HttpContext context)
2023-08-14 16:17:44.4543|Error|Error occurred while trying to update recruitment process | System.InvalidOperationException: The instance of entity type 'RecruitmentProcess' cannot be tracked because another instance with the key value '{ProcessId: 2}' is already being tracked. When attaching existing entities, ensure that only one entity instance with a given key value is attached.
   at Microsoft.EntityFrameworkCore.ChangeTracking.Internal.IdentityMap`1.ThrowIdentityConflict(InternalEntityEntry entry)
   at Microsoft.EntityFrameworkCore.ChangeTracking.Internal.IdentityMap`1.Add(TKey key, InternalEntityEntry entry, Boolean updateDuplicate)
   at Microsoft.EntityFrameworkCore.ChangeTracking.Internal.StateManager.StartTracking(InternalEntityEntry entry)
   at Microsoft.EntityFrameworkCore.ChangeTracking.Internal.InternalEntityEntry.SetEntityState(EntityState oldState, EntityState newState, Boolean acceptChanges, Boolean modifyProperties)
   at Microsoft.EntityFrameworkCore.ChangeTracking.Internal.InternalEntityEntry.SetEntityState(EntityState entityState, Boolean acceptChanges, Boolean modifyProperties, Nullable`1 forceStateWhenUnknownKey, Nullable`1 fallbackState)
   at Microsoft.EntityFrameworkCore.ChangeTracking.Internal.EntityGraphAttacher.PaintAction(EntityEntryGraphNode`1 node)
   at Microsoft.EntityFrameworkCore.ChangeTracking.Internal.EntityEntryGraphIterator.TraverseGraph[TState](EntityEntryGraphNode`1 node, Func`2 handleNode)
   at Microsoft.EntityFrameworkCore.ChangeTracking.Internal.EntityGraphAttacher.AttachGraph(InternalEntityEntry rootEntry, EntityState targetState, EntityState storeGeneratedWithKeySetTargetState, Boolean forceStateWhenUnknownKey)
   at Microsoft.EntityFrameworkCore.Internal.InternalDbSet`1.SetEntityState(InternalEntityEntry entry, EntityState entityState)
   at Microsoft.EntityFrameworkCore.Internal.InternalDbSet`1.Update(TEntity entity)
   at RecruitmentApp.Repositories.Concretions.RecruitmentProcessRepository.Update(RecruitmentProcess process) in D:\Work\RecruitmentAppAPI\RecruitmentAppAPI\Repositories\Implementations\RecruitmentProcessRepository.cs:line 54
   at RecruitmentApp.BAL.ServicesImplementation.RecruitmentProcessService.UpdateRecruitmentProcessAsync(RecruitmentProcess process) in D:\Work\RecruitmentAppAPI\RecruitmentAppAPI\BAL\ServicesImplementation\RecruitmentProcessService.cs:line 126
2023-08-14 16:17:44.5025|Error|An unhandled exception has occurred while executing the request. |EventId=1, EventName=UnhandledException System.InvalidOperationException: The instance of entity type 'RecruitmentProcess' cannot be tracked because another instance with the key value '{ProcessId: 2}' is already being tracked. When attaching existing entities, ensure that only one entity instance with a given key value is attached.
   at Microsoft.EntityFrameworkCore.ChangeTracking.Internal.IdentityMap`1.ThrowIdentityConflict(InternalEntityEntry entry)
   at Microsoft.EntityFrameworkCore.ChangeTracking.Internal.IdentityMap`1.Add(TKey key, InternalEntityEntry entry, Boolean updateDuplicate)
   at Microsoft.EntityFrameworkCore.ChangeTracking.Internal.StateManager.StartTracking(InternalEntityEntry entry)
   at Microsoft.EntityFrameworkCore.ChangeTracking.Internal.InternalEntityEntry.SetEntityState(EntityState oldState, EntityState newState, Boolean acceptChanges, Boolean modifyProperties)
   at Microsoft.EntityFrameworkCore.ChangeTracking.Internal.InternalEntityEntry.SetEntityState(EntityState entityState, Boolean acceptChanges, Boolean modifyProperties, Nullable`1 forceStateWhenUnknownKey, Nullable`1 fallbackState)
   at Microsoft.EntityFrameworkCore.ChangeTracking.Internal.EntityGraphAttacher.PaintAction(EntityEntryGraphNode`1 node)
   at Microsoft.EntityFrameworkCore.ChangeTracking.Internal.EntityEntryGraphIterator.TraverseGraph[TState](EntityEntryGraphNode`1 node, Func`2 handleNode)
   at Microsoft.EntityFrameworkCore.ChangeTracking.Internal.EntityGraphAttacher.AttachGraph(InternalEntityEntry rootEntry, EntityState targetState, EntityState storeGeneratedWithKeySetTargetState, Boolean forceStateWhenUnknownKey)
   at Microsoft.EntityFrameworkCore.Internal.InternalDbSet`1.SetEntityState(InternalEntityEntry entry, EntityState entityState)
   at Microsoft.EntityFrameworkCore.Internal.InternalDbSet`1.Update(TEntity entity)
   at RecruitmentApp.Repositories.Concretions.RecruitmentProcessRepository.Update(RecruitmentProcess process) in D:\Work\RecruitmentAppAPI\RecruitmentAppAPI\Repositories\Implementations\RecruitmentProcessRepository.cs:line 54
   at RecruitmentApp.BAL.ServicesImplementation.RecruitmentProcessService.UpdateRecruitmentProcessAsync(RecruitmentProcess process) in D:\Work\RecruitmentAppAPI\RecruitmentAppAPI\BAL\ServicesImplementation\RecruitmentProcessService.cs:line 126
   at RecruitmentAppAPI.Controllers.RecruitmentProcessesController.UpdateRecruitmentProcess(Int32 id, RecruitmentProcessDto updatedRecruitmentProcessDto) in D:\Work\RecruitmentAppAPI\RecruitmentAppAPI\Controllers\RecruitmentProcessesController.cs:line 131
   at Microsoft.AspNetCore.Mvc.Infrastructure.ActionMethodExecutor.TaskOfIActionResultExecutor.Execute(IActionResultTypeMapper mapper, ObjectMethodExecutor executor, Object controller, Object[] arguments)
   at Microsoft.AspNetCore.Mvc.Infrastructure.ControllerActionInvoker.<InvokeActionMethodAsync>g__Logged|12_1(ControllerActionInvoker invoker)
   at Microsoft.AspNetCore.Mvc.Infrastructure.ControllerActionInvoker.<InvokeNextActionFilterAsync>g__Awaited|10_0(ControllerActionInvoker invoker, Task lastTask, State next, Scope scope, Object state, Boolean isCompleted)
   at Microsoft.AspNetCore.Mvc.Infrastructure.ControllerActionInvoker.Rethrow(ActionExecutedContextSealed context)
   at Microsoft.AspNetCore.Mvc.Infrastructure.ControllerActionInvoker.Next(State& next, Scope& scope, Object& state, Boolean& isCompleted)
   at Microsoft.AspNetCore.Mvc.Infrastructure.ControllerActionInvoker.InvokeInnerFilterAsync()
--- End of stack trace from previous location ---
   at Microsoft.AspNetCore.Mvc.Infrastructure.ResourceInvoker.<InvokeFilterPipelineAsync>g__Awaited|20_0(ResourceInvoker invoker, Task lastTask, State next, Scope scope, Object state, Boolean isCompleted)
   at Microsoft.AspNetCore.Mvc.Infrastructure.ResourceInvoker.<InvokeAsync>g__Logged|17_1(ResourceInvoker invoker)
   at Microsoft.AspNetCore.Mvc.Infrastructure.ResourceInvoker.<InvokeAsync>g__Logged|17_1(ResourceInvoker invoker)
   at Microsoft.AspNetCore.Routing.EndpointMiddleware.<Invoke>g__AwaitRequestTask|6_0(Endpoint endpoint, Task requestTask, ILogger logger)
   at Microsoft.AspNetCore.Authorization.AuthorizationMiddleware.Invoke(HttpContext context)
   at Microsoft.AspNetCore.Diagnostics.DeveloperExceptionPageMiddleware.Invoke(HttpContext context)
2023-08-14 16:18:16.1196|Error|Error occurred while trying to update recruitment process | System.InvalidOperationException: The instance of entity type 'RecruitmentProcess' cannot be tracked because another instance with the key value '{ProcessId: 2}' is already being tracked. When attaching existing entities, ensure that only one entity instance with a given key value is attached.
   at Microsoft.EntityFrameworkCore.ChangeTracking.Internal.IdentityMap`1.ThrowIdentityConflict(InternalEntityEntry entry)
   at Microsoft.EntityFrameworkCore.ChangeTracking.Internal.IdentityMap`1.Add(TKey key, InternalEntityEntry entry, Boolean updateDuplicate)
   at Microsoft.EntityFrameworkCore.ChangeTracking.Internal.StateManager.StartTracking(InternalEntityEntry entry)
   at Microsoft.EntityFrameworkCore.ChangeTracking.Internal.InternalEntityEntry.SetEntityState(EntityState oldState, EntityState newState, Boolean acceptChanges, Boolean modifyProperties)
   at Microsoft.EntityFrameworkCore.ChangeTracking.Internal.InternalEntityEntry.SetEntityState(EntityState entityState, Boolean acceptChanges, Boolean modifyProperties, Nullable`1 forceStateWhenUnknownKey, Nullable`1 fallbackState)
   at Microsoft.EntityFrameworkCore.ChangeTracking.Internal.EntityGraphAttacher.PaintAction(EntityEntryGraphNode`1 node)
   at Microsoft.EntityFrameworkCore.ChangeTracking.Internal.EntityEntryGraphIterator.TraverseGraph[TState](EntityEntryGraphNode`1 node, Func`2 handleNode)
   at Microsoft.EntityFrameworkCore.ChangeTracking.Internal.EntityGraphAttacher.AttachGraph(InternalEntityEntry rootEntry, EntityState targetState, EntityState storeGeneratedWithKeySetTargetState, Boolean forceStateWhenUnknownKey)
   at Microsoft.EntityFrameworkCore.Internal.InternalDbSet`1.SetEntityState(InternalEntityEntry entry, EntityState entityState)
   at Microsoft.EntityFrameworkCore.Internal.InternalDbSet`1.Update(TEntity entity)
   at RecruitmentApp.Repositories.Concretions.RecruitmentProcessRepository.Update(RecruitmentProcess process) in D:\Work\RecruitmentAppAPI\RecruitmentAppAPI\Repositories\Implementations\RecruitmentProcessRepository.cs:line 54
   at RecruitmentApp.BAL.ServicesImplementation.RecruitmentProcessService.UpdateRecruitmentProcessAsync(RecruitmentProcess process) in D:\Work\RecruitmentAppAPI\RecruitmentAppAPI\BAL\ServicesImplementation\RecruitmentProcessService.cs:line 126
2023-08-14 16:18:16.1829|Error|An unhandled exception has occurred while executing the request. |EventId=1, EventName=UnhandledException System.InvalidOperationException: The instance of entity type 'RecruitmentProcess' cannot be tracked because another instance with the key value '{ProcessId: 2}' is already being tracked. When attaching existing entities, ensure that only one entity instance with a given key value is attached.
   at Microsoft.EntityFrameworkCore.ChangeTracking.Internal.IdentityMap`1.ThrowIdentityConflict(InternalEntityEntry entry)
   at Microsoft.EntityFrameworkCore.ChangeTracking.Internal.IdentityMap`1.Add(TKey key, InternalEntityEntry entry, Boolean updateDuplicate)
   at Microsoft.EntityFrameworkCore.ChangeTracking.Internal.StateManager.StartTracking(InternalEntityEntry entry)
   at Microsoft.EntityFrameworkCore.ChangeTracking.Internal.InternalEntityEntry.SetEntityState(EntityState oldState, EntityState newState, Boolean acceptChanges, Boolean modifyProperties)
   at Microsoft.EntityFrameworkCore.ChangeTracking.Internal.InternalEntityEntry.SetEntityState(EntityState entityState, Boolean acceptChanges, Boolean modifyProperties, Nullable`1 forceStateWhenUnknownKey, Nullable`1 fallbackState)
   at Microsoft.EntityFrameworkCore.ChangeTracking.Internal.EntityGraphAttacher.PaintAction(EntityEntryGraphNode`1 node)
   at Microsoft.EntityFrameworkCore.ChangeTracking.Internal.EntityEntryGraphIterator.TraverseGraph[TState](EntityEntryGraphNode`1 node, Func`2 handleNode)
   at Microsoft.EntityFrameworkCore.ChangeTracking.Internal.EntityGraphAttacher.AttachGraph(InternalEntityEntry rootEntry, EntityState targetState, EntityState storeGeneratedWithKeySetTargetState, Boolean forceStateWhenUnknownKey)
   at Microsoft.EntityFrameworkCore.Internal.InternalDbSet`1.SetEntityState(InternalEntityEntry entry, EntityState entityState)
   at Microsoft.EntityFrameworkCore.Internal.InternalDbSet`1.Update(TEntity entity)
   at RecruitmentApp.Repositories.Concretions.RecruitmentProcessRepository.Update(RecruitmentProcess process) in D:\Work\RecruitmentAppAPI\RecruitmentAppAPI\Repositories\Implementations\RecruitmentProcessRepository.cs:line 54
   at RecruitmentApp.BAL.ServicesImplementation.RecruitmentProcessService.UpdateRecruitmentProcessAsync(RecruitmentProcess process) in D:\Work\RecruitmentAppAPI\RecruitmentAppAPI\BAL\ServicesImplementation\RecruitmentProcessService.cs:line 126
   at RecruitmentAppAPI.Controllers.RecruitmentProcessesController.UpdateRecruitmentProcess(Int32 id, RecruitmentProcessDto updatedRecruitmentProcessDto) in D:\Work\RecruitmentAppAPI\RecruitmentAppAPI\Controllers\RecruitmentProcessesController.cs:line 131
   at Microsoft.AspNetCore.Mvc.Infrastructure.ActionMethodExecutor.TaskOfIActionResultExecutor.Execute(IActionResultTypeMapper mapper, ObjectMethodExecutor executor, Object controller, Object[] arguments)
   at Microsoft.AspNetCore.Mvc.Infrastructure.ControllerActionInvoker.<InvokeActionMethodAsync>g__Logged|12_1(ControllerActionInvoker invoker)
   at Microsoft.AspNetCore.Mvc.Infrastructure.ControllerActionInvoker.<InvokeNextActionFilterAsync>g__Awaited|10_0(ControllerActionInvoker invoker, Task lastTask, State next, Scope scope, Object state, Boolean isCompleted)
   at Microsoft.AspNetCore.Mvc.Infrastructure.ControllerActionInvoker.Rethrow(ActionExecutedContextSealed context)
   at Microsoft.AspNetCore.Mvc.Infrastructure.ControllerActionInvoker.Next(State& next, Scope& scope, Object& state, Boolean& isCompleted)
   at Microsoft.AspNetCore.Mvc.Infrastructure.ControllerActionInvoker.InvokeInnerFilterAsync()
--- End of stack trace from previous location ---
   at Microsoft.AspNetCore.Mvc.Infrastructure.ResourceInvoker.<InvokeFilterPipelineAsync>g__Awaited|20_0(ResourceInvoker invoker, Task lastTask, State next, Scope scope, Object state, Boolean isCompleted)
   at Microsoft.AspNetCore.Mvc.Infrastructure.ResourceInvoker.<InvokeAsync>g__Logged|17_1(ResourceInvoker invoker)
   at Microsoft.AspNetCore.Mvc.Infrastructure.ResourceInvoker.<InvokeAsync>g__Logged|17_1(ResourceInvoker invoker)
   at Microsoft.AspNetCore.Routing.EndpointMiddleware.<Invoke>g__AwaitRequestTask|6_0(Endpoint endpoint, Task requestTask, ILogger logger)
   at Microsoft.AspNetCore.Authorization.AuthorizationMiddleware.Invoke(HttpContext context)
   at Microsoft.AspNetCore.Diagnostics.DeveloperExceptionPageMiddleware.Invoke(HttpContext context)
2023-08-14 16:18:18.9464|Error|Error occurred while trying to update recruitment process | System.InvalidOperationException: The instance of entity type 'RecruitmentProcess' cannot be tracked because another instance with the key value '{ProcessId: 2}' is already being tracked. When attaching existing entities, ensure that only one entity instance with a given key value is attached.
   at Microsoft.EntityFrameworkCore.ChangeTracking.Internal.IdentityMap`1.ThrowIdentityConflict(InternalEntityEntry entry)
   at Microsoft.EntityFrameworkCore.ChangeTracking.Internal.IdentityMap`1.Add(TKey key, InternalEntityEntry entry, Boolean updateDuplicate)
   at Microsoft.EntityFrameworkCore.ChangeTracking.Internal.StateManager.StartTracking(InternalEntityEntry entry)
   at Microsoft.EntityFrameworkCore.ChangeTracking.Internal.InternalEntityEntry.SetEntityState(EntityState oldState, EntityState newState, Boolean acceptChanges, Boolean modifyProperties)
   at Microsoft.EntityFrameworkCore.ChangeTracking.Internal.InternalEntityEntry.SetEntityState(EntityState entityState, Boolean acceptChanges, Boolean modifyProperties, Nullable`1 forceStateWhenUnknownKey, Nullable`1 fallbackState)
   at Microsoft.EntityFrameworkCore.ChangeTracking.Internal.EntityGraphAttacher.PaintAction(EntityEntryGraphNode`1 node)
   at Microsoft.EntityFrameworkCore.ChangeTracking.Internal.EntityEntryGraphIterator.TraverseGraph[TState](EntityEntryGraphNode`1 node, Func`2 handleNode)
   at Microsoft.EntityFrameworkCore.ChangeTracking.Internal.EntityGraphAttacher.AttachGraph(InternalEntityEntry rootEntry, EntityState targetState, EntityState storeGeneratedWithKeySetTargetState, Boolean forceStateWhenUnknownKey)
   at Microsoft.EntityFrameworkCore.Internal.InternalDbSet`1.SetEntityState(InternalEntityEntry entry, EntityState entityState)
   at Microsoft.EntityFrameworkCore.Internal.InternalDbSet`1.Update(TEntity entity)
   at RecruitmentApp.Repositories.Concretions.RecruitmentProcessRepository.Update(RecruitmentProcess process) in D:\Work\RecruitmentAppAPI\RecruitmentAppAPI\Repositories\Implementations\RecruitmentProcessRepository.cs:line 54
   at RecruitmentApp.BAL.ServicesImplementation.RecruitmentProcessService.UpdateRecruitmentProcessAsync(RecruitmentProcess process) in D:\Work\RecruitmentAppAPI\RecruitmentAppAPI\BAL\ServicesImplementation\RecruitmentProcessService.cs:line 126
2023-08-14 16:18:18.9946|Error|An unhandled exception has occurred while executing the request. |EventId=1, EventName=UnhandledException System.InvalidOperationException: The instance of entity type 'RecruitmentProcess' cannot be tracked because another instance with the key value '{ProcessId: 2}' is already being tracked. When attaching existing entities, ensure that only one entity instance with a given key value is attached.
   at Microsoft.EntityFrameworkCore.ChangeTracking.Internal.IdentityMap`1.ThrowIdentityConflict(InternalEntityEntry entry)
   at Microsoft.EntityFrameworkCore.ChangeTracking.Internal.IdentityMap`1.Add(TKey key, InternalEntityEntry entry, Boolean updateDuplicate)
   at Microsoft.EntityFrameworkCore.ChangeTracking.Internal.StateManager.StartTracking(InternalEntityEntry entry)
   at Microsoft.EntityFrameworkCore.ChangeTracking.Internal.InternalEntityEntry.SetEntityState(EntityState oldState, EntityState newState, Boolean acceptChanges, Boolean modifyProperties)
   at Microsoft.EntityFrameworkCore.ChangeTracking.Internal.InternalEntityEntry.SetEntityState(EntityState entityState, Boolean acceptChanges, Boolean modifyProperties, Nullable`1 forceStateWhenUnknownKey, Nullable`1 fallbackState)
   at Microsoft.EntityFrameworkCore.ChangeTracking.Internal.EntityGraphAttacher.PaintAction(EntityEntryGraphNode`1 node)
   at Microsoft.EntityFrameworkCore.ChangeTracking.Internal.EntityEntryGraphIterator.TraverseGraph[TState](EntityEntryGraphNode`1 node, Func`2 handleNode)
   at Microsoft.EntityFrameworkCore.ChangeTracking.Internal.EntityGraphAttacher.AttachGraph(InternalEntityEntry rootEntry, EntityState targetState, EntityState storeGeneratedWithKeySetTargetState, Boolean forceStateWhenUnknownKey)
   at Microsoft.EntityFrameworkCore.Internal.InternalDbSet`1.SetEntityState(InternalEntityEntry entry, EntityState entityState)
   at Microsoft.EntityFrameworkCore.Internal.InternalDbSet`1.Update(TEntity entity)
   at RecruitmentApp.Repositories.Concretions.RecruitmentProcessRepository.Update(RecruitmentProcess process) in D:\Work\RecruitmentAppAPI\RecruitmentAppAPI\Repositories\Implementations\RecruitmentProcessRepository.cs:line 54
   at RecruitmentApp.BAL.ServicesImplementation.RecruitmentProcessService.UpdateRecruitmentProcessAsync(RecruitmentProcess process) in D:\Work\RecruitmentAppAPI\RecruitmentAppAPI\BAL\ServicesImplementation\RecruitmentProcessService.cs:line 126
   at RecruitmentAppAPI.Controllers.RecruitmentProcessesController.UpdateRecruitmentProcess(Int32 id, RecruitmentProcessDto updatedRecruitmentProcessDto) in D:\Work\RecruitmentAppAPI\RecruitmentAppAPI\Controllers\RecruitmentProcessesController.cs:line 131
   at Microsoft.AspNetCore.Mvc.Infrastructure.ActionMethodExecutor.TaskOfIActionResultExecutor.Execute(IActionResultTypeMapper mapper, ObjectMethodExecutor executor, Object controller, Object[] arguments)
   at Microsoft.AspNetCore.Mvc.Infrastructure.ControllerActionInvoker.<InvokeActionMethodAsync>g__Logged|12_1(ControllerActionInvoker invoker)
   at Microsoft.AspNetCore.Mvc.Infrastructure.ControllerActionInvoker.<InvokeNextActionFilterAsync>g__Awaited|10_0(ControllerActionInvoker invoker, Task lastTask, State next, Scope scope, Object state, Boolean isCompleted)
   at Microsoft.AspNetCore.Mvc.Infrastructure.ControllerActionInvoker.Rethrow(ActionExecutedContextSealed context)
   at Microsoft.AspNetCore.Mvc.Infrastructure.ControllerActionInvoker.Next(State& next, Scope& scope, Object& state, Boolean& isCompleted)
   at Microsoft.AspNetCore.Mvc.Infrastructure.ControllerActionInvoker.InvokeInnerFilterAsync()
--- End of stack trace from previous location ---
   at Microsoft.AspNetCore.Mvc.Infrastructure.ResourceInvoker.<InvokeFilterPipelineAsync>g__Awaited|20_0(ResourceInvoker invoker, Task lastTask, State next, Scope scope, Object state, Boolean isCompleted)
   at Microsoft.AspNetCore.Mvc.Infrastructure.ResourceInvoker.<InvokeAsync>g__Logged|17_1(ResourceInvoker invoker)
   at Microsoft.AspNetCore.Mvc.Infrastructure.ResourceInvoker.<InvokeAsync>g__Logged|17_1(ResourceInvoker invoker)
   at Microsoft.AspNetCore.Routing.EndpointMiddleware.<Invoke>g__AwaitRequestTask|6_0(Endpoint endpoint, Task requestTask, ILogger logger)
   at Microsoft.AspNetCore.Authorization.AuthorizationMiddleware.Invoke(HttpContext context)
   at Microsoft.AspNetCore.Diagnostics.DeveloperExceptionPageMiddleware.Invoke(HttpContext context)
2023-08-14 16:29:03.8340|Error|Error occurred while trying to update recruitment process | System.InvalidOperationException: The instance of entity type 'RecruitmentProcess' cannot be tracked because another instance with the key value '{ProcessId: 1}' is already being tracked. When attaching existing entities, ensure that only one entity instance with a given key value is attached.
   at Microsoft.EntityFrameworkCore.ChangeTracking.Internal.IdentityMap`1.ThrowIdentityConflict(InternalEntityEntry entry)
   at Microsoft.EntityFrameworkCore.ChangeTracking.Internal.IdentityMap`1.Add(TKey key, InternalEntityEntry entry, Boolean updateDuplicate)
   at Microsoft.EntityFrameworkCore.ChangeTracking.Internal.StateManager.StartTracking(InternalEntityEntry entry)
   at Microsoft.EntityFrameworkCore.ChangeTracking.Internal.InternalEntityEntry.SetEntityState(EntityState oldState, EntityState newState, Boolean acceptChanges, Boolean modifyProperties)
   at Microsoft.EntityFrameworkCore.ChangeTracking.Internal.InternalEntityEntry.SetEntityState(EntityState entityState, Boolean acceptChanges, Boolean modifyProperties, Nullable`1 forceStateWhenUnknownKey, Nullable`1 fallbackState)
   at Microsoft.EntityFrameworkCore.ChangeTracking.Internal.EntityGraphAttacher.PaintAction(EntityEntryGraphNode`1 node)
   at Microsoft.EntityFrameworkCore.ChangeTracking.Internal.EntityEntryGraphIterator.TraverseGraph[TState](EntityEntryGraphNode`1 node, Func`2 handleNode)
   at Microsoft.EntityFrameworkCore.ChangeTracking.Internal.EntityGraphAttacher.AttachGraph(InternalEntityEntry rootEntry, EntityState targetState, EntityState storeGeneratedWithKeySetTargetState, Boolean forceStateWhenUnknownKey)
   at Microsoft.EntityFrameworkCore.Internal.InternalDbSet`1.SetEntityState(InternalEntityEntry entry, EntityState entityState)
   at Microsoft.EntityFrameworkCore.Internal.InternalDbSet`1.Update(TEntity entity)
   at RecruitmentApp.Repositories.Concretions.RecruitmentProcessRepository.Update(RecruitmentProcess process) in D:\Work\RecruitmentAppAPI\RecruitmentAppAPI\Repositories\Implementations\RecruitmentProcessRepository.cs:line 54
   at RecruitmentApp.BAL.ServicesImplementation.RecruitmentProcessService.UpdateRecruitmentProcessAsync(RecruitmentProcess process) in D:\Work\RecruitmentAppAPI\RecruitmentAppAPI\BAL\ServicesImplementation\RecruitmentProcessService.cs:line 126
2023-08-14 16:29:04.1797|Error|An unhandled exception has occurred while executing the request. |EventId=1, EventName=UnhandledException System.InvalidOperationException: The instance of entity type 'RecruitmentProcess' cannot be tracked because another instance with the key value '{ProcessId: 1}' is already being tracked. When attaching existing entities, ensure that only one entity instance with a given key value is attached.
   at Microsoft.EntityFrameworkCore.ChangeTracking.Internal.IdentityMap`1.ThrowIdentityConflict(InternalEntityEntry entry)
   at Microsoft.EntityFrameworkCore.ChangeTracking.Internal.IdentityMap`1.Add(TKey key, InternalEntityEntry entry, Boolean updateDuplicate)
   at Microsoft.EntityFrameworkCore.ChangeTracking.Internal.StateManager.StartTracking(InternalEntityEntry entry)
   at Microsoft.EntityFrameworkCore.ChangeTracking.Internal.InternalEntityEntry.SetEntityState(EntityState oldState, EntityState newState, Boolean acceptChanges, Boolean modifyProperties)
   at Microsoft.EntityFrameworkCore.ChangeTracking.Internal.InternalEntityEntry.SetEntityState(EntityState entityState, Boolean acceptChanges, Boolean modifyProperties, Nullable`1 forceStateWhenUnknownKey, Nullable`1 fallbackState)
   at Microsoft.EntityFrameworkCore.ChangeTracking.Internal.EntityGraphAttacher.PaintAction(EntityEntryGraphNode`1 node)
   at Microsoft.EntityFrameworkCore.ChangeTracking.Internal.EntityEntryGraphIterator.TraverseGraph[TState](EntityEntryGraphNode`1 node, Func`2 handleNode)
   at Microsoft.EntityFrameworkCore.ChangeTracking.Internal.EntityGraphAttacher.AttachGraph(InternalEntityEntry rootEntry, EntityState targetState, EntityState storeGeneratedWithKeySetTargetState, Boolean forceStateWhenUnknownKey)
   at Microsoft.EntityFrameworkCore.Internal.InternalDbSet`1.SetEntityState(InternalEntityEntry entry, EntityState entityState)
   at Microsoft.EntityFrameworkCore.Internal.InternalDbSet`1.Update(TEntity entity)
   at RecruitmentApp.Repositories.Concretions.RecruitmentProcessRepository.Update(RecruitmentProcess process) in D:\Work\RecruitmentAppAPI\RecruitmentAppAPI\Repositories\Implementations\RecruitmentProcessRepository.cs:line 54
   at RecruitmentApp.BAL.ServicesImplementation.RecruitmentProcessService.UpdateRecruitmentProcessAsync(RecruitmentProcess process) in D:\Work\RecruitmentAppAPI\RecruitmentAppAPI\BAL\ServicesImplementation\RecruitmentProcessService.cs:line 126
   at RecruitmentAppAPI.Controllers.RecruitmentProcessesController.UpdateRecruitmentProcess(Int32 id, RecruitmentProcessDto updatedRecruitmentProcessDto) in D:\Work\RecruitmentAppAPI\RecruitmentAppAPI\Controllers\RecruitmentProcessesController.cs:line 131
   at Microsoft.AspNetCore.Mvc.Infrastructure.ActionMethodExecutor.TaskOfIActionResultExecutor.Execute(IActionResultTypeMapper mapper, ObjectMethodExecutor executor, Object controller, Object[] arguments)
   at Microsoft.AspNetCore.Mvc.Infrastructure.ControllerActionInvoker.<InvokeActionMethodAsync>g__Logged|12_1(ControllerActionInvoker invoker)
   at Microsoft.AspNetCore.Mvc.Infrastructure.ControllerActionInvoker.<InvokeNextActionFilterAsync>g__Awaited|10_0(ControllerActionInvoker invoker, Task lastTask, State next, Scope scope, Object state, Boolean isCompleted)
   at Microsoft.AspNetCore.Mvc.Infrastructure.ControllerActionInvoker.Rethrow(ActionExecutedContextSealed context)
   at Microsoft.AspNetCore.Mvc.Infrastructure.ControllerActionInvoker.Next(State& next, Scope& scope, Object& state, Boolean& isCompleted)
   at Microsoft.AspNetCore.Mvc.Infrastructure.ControllerActionInvoker.InvokeInnerFilterAsync()
--- End of stack trace from previous location ---
   at Microsoft.AspNetCore.Mvc.Infrastructure.ResourceInvoker.<InvokeFilterPipelineAsync>g__Awaited|20_0(ResourceInvoker invoker, Task lastTask, State next, Scope scope, Object state, Boolean isCompleted)
   at Microsoft.AspNetCore.Mvc.Infrastructure.ResourceInvoker.<InvokeAsync>g__Logged|17_1(ResourceInvoker invoker)
   at Microsoft.AspNetCore.Mvc.Infrastructure.ResourceInvoker.<InvokeAsync>g__Logged|17_1(ResourceInvoker invoker)
   at Microsoft.AspNetCore.Routing.EndpointMiddleware.<Invoke>g__AwaitRequestTask|6_0(Endpoint endpoint, Task requestTask, ILogger logger)
   at Microsoft.AspNetCore.Authorization.AuthorizationMiddleware.Invoke(HttpContext context)
   at Microsoft.AspNetCore.Diagnostics.DeveloperExceptionPageMiddleware.Invoke(HttpContext context)
2023-08-14 16:55:34.8777|Error|Error occurred while trying to update recruitment process | System.InvalidOperationException: The instance of entity type 'RecruitmentProcess' cannot be tracked because another instance with the key value '{ProcessId: 1}' is already being tracked. When attaching existing entities, ensure that only one entity instance with a given key value is attached.
   at Microsoft.EntityFrameworkCore.ChangeTracking.Internal.IdentityMap`1.ThrowIdentityConflict(InternalEntityEntry entry)
   at Microsoft.EntityFrameworkCore.ChangeTracking.Internal.IdentityMap`1.Add(TKey key, InternalEntityEntry entry, Boolean updateDuplicate)
   at Microsoft.EntityFrameworkCore.ChangeTracking.Internal.StateManager.StartTracking(InternalEntityEntry entry)
   at Microsoft.EntityFrameworkCore.ChangeTracking.Internal.InternalEntityEntry.SetEntityState(EntityState oldState, EntityState newState, Boolean acceptChanges, Boolean modifyProperties)
   at Microsoft.EntityFrameworkCore.ChangeTracking.Internal.InternalEntityEntry.SetEntityState(EntityState entityState, Boolean acceptChanges, Boolean modifyProperties, Nullable`1 forceStateWhenUnknownKey, Nullable`1 fallbackState)
   at Microsoft.EntityFrameworkCore.ChangeTracking.Internal.EntityGraphAttacher.PaintAction(EntityEntryGraphNode`1 node)
   at Microsoft.EntityFrameworkCore.ChangeTracking.Internal.EntityEntryGraphIterator.TraverseGraph[TState](EntityEntryGraphNode`1 node, Func`2 handleNode)
   at Microsoft.EntityFrameworkCore.ChangeTracking.Internal.EntityGraphAttacher.AttachGraph(InternalEntityEntry rootEntry, EntityState targetState, EntityState storeGeneratedWithKeySetTargetState, Boolean forceStateWhenUnknownKey)
   at Microsoft.EntityFrameworkCore.Internal.InternalDbSet`1.SetEntityState(InternalEntityEntry entry, EntityState entityState)
   at Microsoft.EntityFrameworkCore.Internal.InternalDbSet`1.Update(TEntity entity)
   at RecruitmentApp.Repositories.Concretions.RecruitmentProcessRepository.Update(RecruitmentProcess process) in D:\Work\RecruitmentAppAPI\RecruitmentAppAPI\Repositories\Implementations\RecruitmentProcessRepository.cs:line 54
   at RecruitmentApp.BAL.ServicesImplementation.RecruitmentProcessService.UpdateRecruitmentProcessAsync(RecruitmentProcess process) in D:\Work\RecruitmentAppAPI\RecruitmentAppAPI\BAL\ServicesImplementation\RecruitmentProcessService.cs:line 126
2023-08-14 16:55:34.9301|Error|An unhandled exception has occurred while executing the request. |EventId=1, EventName=UnhandledException System.InvalidOperationException: The instance of entity type 'RecruitmentProcess' cannot be tracked because another instance with the key value '{ProcessId: 1}' is already being tracked. When attaching existing entities, ensure that only one entity instance with a given key value is attached.
   at Microsoft.EntityFrameworkCore.ChangeTracking.Internal.IdentityMap`1.ThrowIdentityConflict(InternalEntityEntry entry)
   at Microsoft.EntityFrameworkCore.ChangeTracking.Internal.IdentityMap`1.Add(TKey key, InternalEntityEntry entry, Boolean updateDuplicate)
   at Microsoft.EntityFrameworkCore.ChangeTracking.Internal.StateManager.StartTracking(InternalEntityEntry entry)
   at Microsoft.EntityFrameworkCore.ChangeTracking.Internal.InternalEntityEntry.SetEntityState(EntityState oldState, EntityState newState, Boolean acceptChanges, Boolean modifyProperties)
   at Microsoft.EntityFrameworkCore.ChangeTracking.Internal.InternalEntityEntry.SetEntityState(EntityState entityState, Boolean acceptChanges, Boolean modifyProperties, Nullable`1 forceStateWhenUnknownKey, Nullable`1 fallbackState)
   at Microsoft.EntityFrameworkCore.ChangeTracking.Internal.EntityGraphAttacher.PaintAction(EntityEntryGraphNode`1 node)
   at Microsoft.EntityFrameworkCore.ChangeTracking.Internal.EntityEntryGraphIterator.TraverseGraph[TState](EntityEntryGraphNode`1 node, Func`2 handleNode)
   at Microsoft.EntityFrameworkCore.ChangeTracking.Internal.EntityGraphAttacher.AttachGraph(InternalEntityEntry rootEntry, EntityState targetState, EntityState storeGeneratedWithKeySetTargetState, Boolean forceStateWhenUnknownKey)
   at Microsoft.EntityFrameworkCore.Internal.InternalDbSet`1.SetEntityState(InternalEntityEntry entry, EntityState entityState)
   at Microsoft.EntityFrameworkCore.Internal.InternalDbSet`1.Update(TEntity entity)
   at RecruitmentApp.Repositories.Concretions.RecruitmentProcessRepository.Update(RecruitmentProcess process) in D:\Work\RecruitmentAppAPI\RecruitmentAppAPI\Repositories\Implementations\RecruitmentProcessRepository.cs:line 54
   at RecruitmentApp.BAL.ServicesImplementation.RecruitmentProcessService.UpdateRecruitmentProcessAsync(RecruitmentProcess process) in D:\Work\RecruitmentAppAPI\RecruitmentAppAPI\BAL\ServicesImplementation\RecruitmentProcessService.cs:line 126
   at RecruitmentAppAPI.Controllers.RecruitmentProcessesController.UpdateRecruitmentProcess(Int32 id, RecruitmentProcessDto updatedRecruitmentProcessDto) in D:\Work\RecruitmentAppAPI\RecruitmentAppAPI\Controllers\RecruitmentProcessesController.cs:line 131
   at Microsoft.AspNetCore.Mvc.Infrastructure.ActionMethodExecutor.TaskOfIActionResultExecutor.Execute(IActionResultTypeMapper mapper, ObjectMethodExecutor executor, Object controller, Object[] arguments)
   at Microsoft.AspNetCore.Mvc.Infrastructure.ControllerActionInvoker.<InvokeActionMethodAsync>g__Logged|12_1(ControllerActionInvoker invoker)
   at Microsoft.AspNetCore.Mvc.Infrastructure.ControllerActionInvoker.<InvokeNextActionFilterAsync>g__Awaited|10_0(ControllerActionInvoker invoker, Task lastTask, State next, Scope scope, Object state, Boolean isCompleted)
   at Microsoft.AspNetCore.Mvc.Infrastructure.ControllerActionInvoker.Rethrow(ActionExecutedContextSealed context)
   at Microsoft.AspNetCore.Mvc.Infrastructure.ControllerActionInvoker.Next(State& next, Scope& scope, Object& state, Boolean& isCompleted)
   at Microsoft.AspNetCore.Mvc.Infrastructure.ControllerActionInvoker.InvokeInnerFilterAsync()
--- End of stack trace from previous location ---
   at Microsoft.AspNetCore.Mvc.Infrastructure.ResourceInvoker.<InvokeFilterPipelineAsync>g__Awaited|20_0(ResourceInvoker invoker, Task lastTask, State next, Scope scope, Object state, Boolean isCompleted)
   at Microsoft.AspNetCore.Mvc.Infrastructure.ResourceInvoker.<InvokeAsync>g__Logged|17_1(ResourceInvoker invoker)
   at Microsoft.AspNetCore.Mvc.Infrastructure.ResourceInvoker.<InvokeAsync>g__Logged|17_1(ResourceInvoker invoker)
   at Microsoft.AspNetCore.Routing.EndpointMiddleware.<Invoke>g__AwaitRequestTask|6_0(Endpoint endpoint, Task requestTask, ILogger logger)
   at Microsoft.AspNetCore.Authorization.AuthorizationMiddleware.Invoke(HttpContext context)
   at Microsoft.AspNetCore.Diagnostics.DeveloperExceptionPageMiddleware.Invoke(HttpContext context)
